{"/Users/franciscapierattini/Developer/exercise/src/index.ts": {"path":"/Users/franciscapierattini/Developer/exercise/src/index.ts","statementMap":{"0":{"start":{"line":1,"column":0},"end":{"line":1,"column":47}},"1":{"start":{"line":2,"column":0},"end":{"line":2,"column":35}},"2":{"start":{"line":3,"column":0},"end":{"line":3,"column":50}},"3":{"start":{"line":5,"column":25},"end":{"line":5,"column":34}},"4":{"start":{"line":6,"column":0},"end":{"line":6,"column":16}},"5":{"start":{"line":7,"column":0},"end":{"line":7,"column":30}},"6":{"start":{"line":9,"column":13},"end":{"line":9,"column":37}},"7":{"start":{"line":11,"column":0},"end":{"line":13,"column":3}},"8":{"start":{"line":12,"column":2},"end":{"line":12,"column":48}},"9":{"start":{"line":15,"column":0},"end":{"line":15,"column":19}}},"fnMap":{"0":{"name":"(anonymous_1)","decl":{"start":{"line":11,"column":17},"end":{"line":11,"column":20}},"loc":{"start":{"line":11,"column":22},"end":{"line":13,"column":1}}}},"branchMap":{"0":{"loc":{"start":{"line":9,"column":13},"end":{"line":9,"column":37}},"type":"binary-expr","locations":[{"start":{"line":9,"column":13},"end":{"line":9,"column":29}},{"start":{"line":9,"column":33},"end":{"line":9,"column":37}}]}},"s":{"0":1,"1":1,"2":1,"3":1,"4":1,"5":1,"6":1,"7":1,"8":1,"9":1},"f":{"0":1},"b":{"0":[1,1]}}
,"/Users/franciscapierattini/Developer/exercise/src/models/todo.model.ts": {"path":"/Users/franciscapierattini/Developer/exercise/src/models/todo.model.ts","statementMap":{"0":{"start":{"line":9,"column":11},"end":{"line":9,"column":21}},"1":{"start":{"line":10,"column":11},"end":{"line":10,"column":24}},"2":{"start":{"line":11,"column":11},"end":{"line":11,"column":32}},"3":{"start":{"line":7,"column":0},"end":{"line":7,"column":13}}},"fnMap":{"0":{"name":"(anonymous_0)","decl":{"start":{"line":8,"column":2},"end":{"line":8,"column":null}},"loc":{"start":{"line":11,"column":37},"end":{"line":12,"column":6}}}},"branchMap":{"0":{"loc":{"start":{"line":11,"column":11},"end":{"line":11,"column":37}},"type":"default-arg","locations":[{"start":{"line":11,"column":32},"end":{"line":11,"column":37}}]}},"s":{"0":13,"1":13,"2":13,"3":3},"f":{"0":13},"b":{"0":[13]}}
,"/Users/franciscapierattini/Developer/exercise/src/repositories/todo.repository.ts": {"path":"/Users/franciscapierattini/Developer/exercise/src/repositories/todo.repository.ts","statementMap":{"0":{"start":{"line":1,"column":0},"end":{"line":1,"column":51}},"1":{"start":{"line":2,"column":23},"end":{"line":2,"column":38}},"2":{"start":{"line":13,"column":10},"end":{"line":13,"column":30}},"3":{"start":{"line":16,"column":4},"end":{"line":16,"column":22}},"4":{"start":{"line":20,"column":4},"end":{"line":20,"column":51}},"5":{"start":{"line":20,"column":35},"end":{"line":20,"column":49}},"6":{"start":{"line":24,"column":17},"end":{"line":24,"column":42}},"7":{"start":{"line":25,"column":4},"end":{"line":25,"column":26}},"8":{"start":{"line":26,"column":4},"end":{"line":26,"column":16}},"9":{"start":{"line":30,"column":17},"end":{"line":30,"column":33}},"10":{"start":{"line":31,"column":4},"end":{"line":34,"column":5}},"11":{"start":{"line":32,"column":6},"end":{"line":32,"column":25}},"12":{"start":{"line":33,"column":6},"end":{"line":33,"column":33}},"13":{"start":{"line":35,"column":4},"end":{"line":35,"column":16}},"14":{"start":{"line":39,"column":18},"end":{"line":39,"column":62}},"15":{"start":{"line":39,"column":47},"end":{"line":39,"column":61}},"16":{"start":{"line":40,"column":4},"end":{"line":43,"column":5}},"17":{"start":{"line":41,"column":6},"end":{"line":41,"column":34}},"18":{"start":{"line":42,"column":6},"end":{"line":42,"column":18}},"19":{"start":{"line":44,"column":4},"end":{"line":44,"column":17}},"20":{"start":{"line":12,"column":0},"end":{"line":12,"column":13}}},"fnMap":{"0":{"name":"(anonymous_0)","decl":{"start":{"line":12,"column":0},"end":{"line":12,"column":13}},"loc":{"start":{"line":12,"column":0},"end":{"line":46,"column":1}}},"1":{"name":"(anonymous_1)","decl":{"start":{"line":15,"column":2},"end":{"line":15,"column":8}},"loc":{"start":{"line":15,"column":8},"end":{"line":17,"column":3}}},"2":{"name":"(anonymous_2)","decl":{"start":{"line":19,"column":2},"end":{"line":19,"column":9}},"loc":{"start":{"line":19,"column":20},"end":{"line":21,"column":3}}},"3":{"name":"(anonymous_3)","decl":{"start":{"line":20,"column":27},"end":{"line":20,"column":31}},"loc":{"start":{"line":20,"column":35},"end":{"line":20,"column":49}}},"4":{"name":"(anonymous_4)","decl":{"start":{"line":23,"column":2},"end":{"line":23,"column":8}},"loc":{"start":{"line":23,"column":22},"end":{"line":27,"column":3}}},"5":{"name":"(anonymous_5)","decl":{"start":{"line":29,"column":2},"end":{"line":29,"column":8}},"loc":{"start":{"line":29,"column":54},"end":{"line":36,"column":3}}},"6":{"name":"(anonymous_6)","decl":{"start":{"line":38,"column":2},"end":{"line":38,"column":8}},"loc":{"start":{"line":38,"column":19},"end":{"line":45,"column":3}}},"7":{"name":"(anonymous_7)","decl":{"start":{"line":39,"column":39},"end":{"line":39,"column":43}},"loc":{"start":{"line":39,"column":47},"end":{"line":39,"column":61}}}},"branchMap":{"0":{"loc":{"start":{"line":31,"column":4},"end":{"line":34,"column":5}},"type":"if","locations":[{"start":{"line":31,"column":4},"end":{"line":34,"column":5}}]},"1":{"loc":{"start":{"line":40,"column":4},"end":{"line":43,"column":5}},"type":"if","locations":[{"start":{"line":40,"column":4},"end":{"line":43,"column":5}}]}},"s":{"0":3,"1":3,"2":11,"3":3,"4":9,"5":6,"6":13,"7":13,"8":13,"9":3,"10":3,"11":3,"12":3,"13":3,"14":3,"15":3,"16":3,"17":3,"18":3,"19":0,"20":3},"f":{"0":11,"1":3,"2":9,"3":6,"4":13,"5":3,"6":3,"7":3},"b":{"0":[3],"1":[3]}}
,"/Users/franciscapierattini/Developer/exercise/src/routes/todo.routes.ts": {"path":"/Users/franciscapierattini/Developer/exercise/src/routes/todo.routes.ts","statementMap":{"0":{"start":{"line":1,"column":0},"end":{"line":1,"column":52}},"1":{"start":{"line":2,"column":0},"end":{"line":2,"column":73}},"2":{"start":{"line":3,"column":0},"end":{"line":3,"column":55}},"3":{"start":{"line":5,"column":19},"end":{"line":5,"column":47}},"4":{"start":{"line":6,"column":16},"end":{"line":6,"column":43}},"5":{"start":{"line":7,"column":13},"end":{"line":7,"column":35}},"6":{"start":{"line":12,"column":0},"end":{"line":14,"column":3}},"7":{"start":{"line":13,"column":2},"end":{"line":13,"column":29}},"8":{"start":{"line":19,"column":0},"end":{"line":23,"column":3}},"9":{"start":{"line":20,"column":15},"end":{"line":20,"column":45}},"10":{"start":{"line":21,"column":2},"end":{"line":21,"column":72}},"11":{"start":{"line":21,"column":13},"end":{"line":21,"column":72}},"12":{"start":{"line":22,"column":2},"end":{"line":22,"column":17}},"13":{"start":{"line":29,"column":0},"end":{"line":34,"column":3}},"14":{"start":{"line":30,"column":20},"end":{"line":30,"column":28}},"15":{"start":{"line":31,"column":2},"end":{"line":31,"column":76}},"16":{"start":{"line":31,"column":14},"end":{"line":31,"column":76}},"17":{"start":{"line":32,"column":15},"end":{"line":32,"column":36}},"18":{"start":{"line":33,"column":2},"end":{"line":33,"column":29}},"19":{"start":{"line":40,"column":0},"end":{"line":48,"column":3}},"20":{"start":{"line":41,"column":31},"end":{"line":41,"column":39}},"21":{"start":{"line":42,"column":2},"end":{"line":44,"column":3}},"22":{"start":{"line":43,"column":4},"end":{"line":43,"column":61}},"23":{"start":{"line":45,"column":15},"end":{"line":45,"column":62}},"24":{"start":{"line":46,"column":2},"end":{"line":46,"column":72}},"25":{"start":{"line":46,"column":13},"end":{"line":46,"column":72}},"26":{"start":{"line":47,"column":2},"end":{"line":47,"column":17}},"27":{"start":{"line":53,"column":0},"end":{"line":57,"column":3}},"28":{"start":{"line":54,"column":18},"end":{"line":54,"column":47}},"29":{"start":{"line":55,"column":2},"end":{"line":55,"column":75}},"30":{"start":{"line":55,"column":16},"end":{"line":55,"column":75}},"31":{"start":{"line":56,"column":2},"end":{"line":56,"column":25}}},"fnMap":{"0":{"name":"(anonymous_0)","decl":{"start":{"line":12,"column":20},"end":{"line":12,"column":21}},"loc":{"start":{"line":12,"column":52},"end":{"line":14,"column":1}}},"1":{"name":"(anonymous_1)","decl":{"start":{"line":19,"column":23},"end":{"line":19,"column":24}},"loc":{"start":{"line":19,"column":55},"end":{"line":23,"column":1}}},"2":{"name":"(anonymous_2)","decl":{"start":{"line":29,"column":21},"end":{"line":29,"column":22}},"loc":{"start":{"line":29,"column":53},"end":{"line":34,"column":1}}},"3":{"name":"(anonymous_3)","decl":{"start":{"line":40,"column":23},"end":{"line":40,"column":24}},"loc":{"start":{"line":40,"column":55},"end":{"line":48,"column":1}}},"4":{"name":"(anonymous_4)","decl":{"start":{"line":53,"column":26},"end":{"line":53,"column":27}},"loc":{"start":{"line":53,"column":58},"end":{"line":57,"column":1}}}},"branchMap":{"0":{"loc":{"start":{"line":21,"column":2},"end":{"line":21,"column":72}},"type":"if","locations":[{"start":{"line":21,"column":2},"end":{"line":21,"column":72}}]},"1":{"loc":{"start":{"line":31,"column":2},"end":{"line":31,"column":76}},"type":"if","locations":[{"start":{"line":31,"column":2},"end":{"line":31,"column":76}}]},"2":{"loc":{"start":{"line":42,"column":2},"end":{"line":44,"column":3}},"type":"if","locations":[{"start":{"line":42,"column":2},"end":{"line":44,"column":3}}]},"3":{"loc":{"start":{"line":42,"column":6},"end":{"line":42,"column":65}},"type":"binary-expr","locations":[{"start":{"line":42,"column":6},"end":{"line":42,"column":31}},{"start":{"line":42,"column":35},"end":{"line":42,"column":65}}]},"4":{"loc":{"start":{"line":46,"column":2},"end":{"line":46,"column":72}},"type":"if","locations":[{"start":{"line":46,"column":2},"end":{"line":46,"column":72}}]},"5":{"loc":{"start":{"line":55,"column":2},"end":{"line":55,"column":75}},"type":"if","locations":[{"start":{"line":55,"column":2},"end":{"line":55,"column":75}}]}},"s":{"0":1,"1":1,"2":1,"3":1,"4":1,"5":1,"6":1,"7":1,"8":1,"9":2,"10":2,"11":1,"12":1,"13":1,"14":1,"15":1,"16":0,"17":1,"18":1,"19":1,"20":1,"21":1,"22":0,"23":1,"24":1,"25":0,"26":1,"27":1,"28":1,"29":1,"30":0,"31":1},"f":{"0":1,"1":2,"2":1,"3":1,"4":1},"b":{"0":[1],"1":[0],"2":[0],"3":[1,1],"4":[0],"5":[0]}}
,"/Users/franciscapierattini/Developer/exercise/src/services/todo.service.ts": {"path":"/Users/franciscapierattini/Developer/exercise/src/services/todo.service.ts","statementMap":{"0":{"start":{"line":5,"column":22},"end":{"line":5,"column":49}},"1":{"start":{"line":8,"column":4},"end":{"line":8,"column":36}},"2":{"start":{"line":12,"column":4},"end":{"line":12,"column":39}},"3":{"start":{"line":16,"column":4},"end":{"line":16,"column":41}},"4":{"start":{"line":20,"column":4},"end":{"line":20,"column":56}},"5":{"start":{"line":24,"column":4},"end":{"line":24,"column":38}},"6":{"start":{"line":4,"column":0},"end":{"line":4,"column":13}}},"fnMap":{"0":{"name":"(anonymous_0)","decl":{"start":{"line":5,"column":2},"end":{"line":5,"column":22}},"loc":{"start":{"line":5,"column":49},"end":{"line":5,"column":53}}},"1":{"name":"(anonymous_1)","decl":{"start":{"line":7,"column":2},"end":{"line":7,"column":8}},"loc":{"start":{"line":7,"column":8},"end":{"line":9,"column":3}}},"2":{"name":"(anonymous_2)","decl":{"start":{"line":11,"column":2},"end":{"line":11,"column":9}},"loc":{"start":{"line":11,"column":20},"end":{"line":13,"column":3}}},"3":{"name":"(anonymous_3)","decl":{"start":{"line":15,"column":2},"end":{"line":15,"column":8}},"loc":{"start":{"line":15,"column":22},"end":{"line":17,"column":3}}},"4":{"name":"(anonymous_4)","decl":{"start":{"line":19,"column":2},"end":{"line":19,"column":8}},"loc":{"start":{"line":19,"column":54},"end":{"line":21,"column":3}}},"5":{"name":"(anonymous_5)","decl":{"start":{"line":23,"column":2},"end":{"line":23,"column":8}},"loc":{"start":{"line":23,"column":19},"end":{"line":25,"column":3}}}},"branchMap":{},"s":{"0":6,"1":2,"2":4,"3":7,"4":2,"5":2,"6":2},"f":{"0":6,"1":2,"2":4,"3":7,"4":2,"5":2},"b":{}}
}
