TN:
SF:src/index.ts
FN:11,(anonymous_1)
FNF:1
FNH:1
FNDA:1,(anonymous_1)
DA:1,1
DA:2,1
DA:3,1
DA:5,1
DA:6,1
DA:7,1
DA:9,1
DA:11,1
DA:12,1
DA:15,1
LF:10
LH:10
BRDA:9,0,0,1
BRDA:9,0,1,1
BRF:2
BRH:2
end_of_record
TN:
SF:src/models/todo.model.ts
FN:8,(anonymous_0)
FNF:1
FNH:1
FNDA:13,(anonymous_0)
DA:7,3
DA:9,13
DA:10,13
DA:11,13
LF:4
LH:4
BRDA:11,0,0,13
BRF:1
BRH:1
end_of_record
TN:
SF:src/repositories/todo.repository.ts
FN:12,(anonymous_0)
FN:15,(anonymous_1)
FN:19,(anonymous_2)
FN:20,(anonymous_3)
FN:23,(anonymous_4)
FN:29,(anonymous_5)
FN:38,(anonymous_6)
FN:39,(anonymous_7)
FNF:8
FNH:8
FNDA:11,(anonymous_0)
FNDA:3,(anonymous_1)
FNDA:9,(anonymous_2)
FNDA:6,(anonymous_3)
FNDA:13,(anonymous_4)
FNDA:3,(anonymous_5)
FNDA:3,(anonymous_6)
FNDA:3,(anonymous_7)
DA:1,3
DA:2,3
DA:12,3
DA:13,11
DA:16,3
DA:20,9
DA:24,13
DA:25,13
DA:26,13
DA:30,3
DA:31,3
DA:32,3
DA:33,3
DA:35,3
DA:39,3
DA:40,3
DA:41,3
DA:42,3
DA:44,0
LF:19
LH:18
BRDA:31,0,0,3
BRDA:40,1,0,3
BRF:2
BRH:2
end_of_record
TN:
SF:src/routes/todo.routes.ts
FN:12,(anonymous_0)
FN:19,(anonymous_1)
FN:29,(anonymous_2)
FN:40,(anonymous_3)
FN:53,(anonymous_4)
FNF:5
FNH:5
FNDA:1,(anonymous_0)
FNDA:2,(anonymous_1)
FNDA:1,(anonymous_2)
FNDA:1,(anonymous_3)
FNDA:1,(anonymous_4)
DA:1,1
DA:2,1
DA:3,1
DA:5,1
DA:6,1
DA:7,1
DA:12,1
DA:13,1
DA:19,1
DA:20,2
DA:21,2
DA:22,1
DA:29,1
DA:30,1
DA:31,1
DA:32,1
DA:33,1
DA:40,1
DA:41,1
DA:42,1
DA:43,0
DA:45,1
DA:46,1
DA:47,1
DA:53,1
DA:54,1
DA:55,1
DA:56,1
LF:28
LH:27
BRDA:21,0,0,1
BRDA:31,1,0,0
BRDA:42,2,0,0
BRDA:42,3,0,1
BRDA:42,3,1,1
BRDA:46,4,0,0
BRDA:55,5,0,0
BRF:7
BRH:3
end_of_record
TN:
SF:src/services/todo.service.ts
FN:5,(anonymous_0)
FN:7,(anonymous_1)
FN:11,(anonymous_2)
FN:15,(anonymous_3)
FN:19,(anonymous_4)
FN:23,(anonymous_5)
FNF:6
FNH:6
FNDA:6,(anonymous_0)
FNDA:2,(anonymous_1)
FNDA:4,(anonymous_2)
FNDA:7,(anonymous_3)
FNDA:2,(anonymous_4)
FNDA:2,(anonymous_5)
DA:4,2
DA:5,6
DA:8,2
DA:12,4
DA:16,7
DA:20,2
DA:24,2
LF:7
LH:7
BRF:0
BRH:0
end_of_record
